17:51:01:373 - TX: (&A299) - LeAbastecimentoPAF1
17:51:01:676 - RX: (0) - LeAbastecimentoPAF1
17:51:14:912 - TX: (&A299) - LeAbastecimentoPAF1
17:51:15:214 - RX: (a2G9999999900014500013011233A00030808175102210000010000000130000000000000000000000000000000000000000000000000000000000036) - LeAbastecimentoPAF1
17:51:16:010 - TX: (&A299) - LeAbastecimentoPAF1
17:51:16:312 - RX: (a2G9999999900014500013011233A00030808175102210000010000000130000000000000000000000000000000000000000000000000000000000036) - LeAbastecimentoPAF1
17:51:35:738 - TX: (?A80) - GetIdentTag
17:51:35:840 - RX: (AB328000000000044040813260200040086) - GetIdentTag
17:51:43:567 - TX: (?A80) - GetIdentTag
17:51:43:669 - RX: (AB328000000000044040813260200040086) - GetIdentTag
17:51:44:426 - TX: (?A80) - GetIdentTag
17:51:44:529 - RX: (AB328000000000044040813260200040086) - GetIdentTag
17:51:45:127 - TX: (?A80) - GetIdentTag
17:51:45:229 - RX: (AB328000000000044040813260200040086) - GetIdentTag
17:51:55:831 - TX: (?A80) - GetIdentTag
17:51:55:933 - RX: (AB328000000000044040813260200040086) - GetIdentTag
17:51:56:491 - TX: (?A80) - GetIdentTag
17:51:56:594 - RX: (AB328000000000044040813260200040086) - GetIdentTag
17:52:05:103 - TX: (?A80) - GetIdentTag
17:52:05:206 - RX: (AB328000000000044040813260200040086) - GetIdentTag
17:52:31:067 - TX: (?I88) - VB_SendReceiveText
17:52:33:073 - RX: SEM RESPOSTA - VB_SendReceiveText
17:52:35:635 - TX: (?A80) - GetIdentTag
17:52:35:737 - RX: (AB32800000000004405081328020005008A) - GetIdentTag
17:52:41:183 - TX: (?I88) - VB_SendReceiveText
17:52:43:192 - RX: SEM RESPOSTA - VB_SendReceiveText
17:52:44:255 - TX: (?A80) - GetIdentTag
17:52:44:358 - RX: (AB328000000000022050813280200060087) - GetIdentTag
