14:06:54:060 - TX: (?LFéÝÚáÿë3C) - lerTagIdf
14:06:54:265 - RX: (LFéÝÚáÿë000004FFFFFFFFFFFFFFFFFFFFFFFFFFFFFFFFFF6D) - lerTagIdf
14:09:38:669 - TX: (?LFéýÚáÿë5C) - lerTagIdf
14:09:38:878 - RX: (LFéýÚáÿë000004FFFFFFFFFFFFFFFFFFFFFFFFFFFFFFFFFF8D) - lerTagIdf
14:11:00:483 - TX: (?LFéVÚáÿëB5) - lerTagIdf
14:11:00:685 - RX: (LFéVÚáÿë000004FFFFFFFFFFFFFFFFFFFFFFFFFFFFFFFFFFE6) - lerTagIdf
14:11:40:539 - TX: (?LFéVÚáÿëB5) - lerTagIdf
14:11:40:743 - RX: (LFéVÚáÿë000004FFFFFFFFFFFFFFFFFFFFFFFFFFFFFFFFFFE6) - lerTagIdf
14:38:02:325 - TX: (?LF000001F2) - lerTagIdf
14:38:02:532 - RX: (LF000001000004B32800000000008927000000000000002779) - lerTagIdf
14:39:54:075 - TX: (?LF000001F2) - lerTagIdf
14:39:54:279 - RX: (LF000001000004B32800000000008927000000000000002779) - lerTagIdf
14:40:42:682 - TX: (?LF000004F5) - lerTagIdf
14:40:42:888 - RX: (LF000004000004FFFFFFFFFFFFFFFFFFFFFFFFFFFFFFFFFF26) - lerTagIdf
14:40:51:586 - TX: (?LF000005F6) - lerTagIdf
14:40:51:792 - RX: (LF000005000004FFFFFFFFFFFFFFFFFFFFFFFFFFFFFFFFFF27) - lerTagIdf
14:42:40:260 - TX: (&V) - LeVisualizacao
14:42:40:366 - RX: (0) - LeVisualizacao
14:42:41:983 - TX: (&V) - STVisualizacao
14:42:42:067 - RX: (0) - STVisualizacao
14:47:03:268 - TX: (?LF000001F2) - lerTagIdf
14:47:03:475 - RX: (LF000001000004B32800000000008927000000000000002779) - lerTagIdf
14:47:08:476 - TX: (?LF000001F2) - lerTagIdf
14:47:08:683 - RX: (LF000001000004B32800000000008927000000000000002779) - lerTagIdf
14:47:08:796 - TX: (?LF000001F2) - lerTagIdf
14:47:08:998 - RX: (LF000001000004B32800000000008927000000000000002779) - lerTagIdf
14:47:09:110 - TX: (?LF000001F2) - lerTagIdf
14:47:09:314 - RX: (LF000001000004B32800000000008927000000000000002779) - lerTagIdf
14:47:09:422 - TX: (?LF000001F2) - lerTagIdf
14:47:09:627 - RX: (LF000001000004B32800000000008927000000000000002779) - lerTagIdf
14:48:26:280 - TX: (?LF000001F2) - lerTagIdf
14:48:26:483 - RX: (LF000001000004B32800000000008927000000000000002779) - lerTagIdf
14:49:03:513 - TX: (?LF000001F2) - lerTagIdf
14:49:03:715 - RX: (LF000001000004B32800000000008927000000000000002779) - lerTagIdf
14:51:21:249 - TX: (?LF000001F2) - lerTagIdf
14:51:21:453 - RX: (LF000001000004B32800000000008927000000000000002779) - lerTagIdf
