17:14:06:683 - TX: (?V95) - GetVisualizacaoId
17:14:06:787 - RX: (0) - GetVisualizacaoId
17:14:07:875 - TX: (&V) - STVisualizacao
17:14:07:960 - RX: (0) - STVisualizacao
17:14:08:725 - TX: (&V) - LeVisualizacao
17:14:08:828 - RX: (0) - LeVisualizacao
17:14:19:378 - TX: (&V) - LeVisualizacao
17:14:19:484 - RX: (04000156) - LeVisualizacao
17:14:22:043 - TX: (&V) - LeVisualizacao
17:14:22:148 - RX: (04000540) - LeVisualizacao
17:14:23:264 - TX: (&V) - LeVisualizacao
17:14:23:370 - RX: (04000641) - LeVisualizacao
17:14:24:385 - TX: (&V) - LeVisualizacao
17:14:24:491 - RX: (04000743) - LeVisualizacao
17:14:25:810 - TX: (&V) - LeVisualizacao
17:14:25:914 - RX: (04000922) - LeVisualizacao
17:14:26:755 - TX: (&V) - LeVisualizacao
17:14:26:861 - RX: (04001025) - LeVisualizacao
17:14:27:418 - TX: (&V) - LeVisualizacao
17:14:27:524 - RX: (04001126) - LeVisualizacao
17:14:27:930 - TX: (&V) - LeVisualizacao
17:14:28:034 - RX: (04001126) - LeVisualizacao
17:14:28:395 - TX: (&V) - LeVisualizacao
17:14:28:519 - RX: (04001126) - LeVisualizacao
17:14:28:930 - TX: (&V) - LeVisualizacao
17:14:29:035 - RX: (04001306) - LeVisualizacao
17:14:29:515 - TX: (&V) - LeVisualizacao
17:14:29:621 - RX: (04001409) - LeVisualizacao
17:14:30:137 - TX: (&V) - LeVisualizacao
17:14:30:243 - RX: (04001409) - LeVisualizacao
17:14:30:763 - TX: (&V) - LeVisualizacao
17:14:30:868 - RX: (04001510) - LeVisualizacao
