15:20:25:264 - TX: (?LF000002F3) - lerTagIdf
15:20:25:471 - RX: (LF000002000004B3280000000000122700000000000000276C) - lerTagIdf
15:20:27:985 - TX: (?LF000003F4) - lerTagIdf
15:20:28:191 - RX: (LF000003000004B3CF6CCFFF1F51E62700000000000000272F) - lerTagIdf
15:20:35:617 - TX: (?LF000004F5) - lerTagIdf
15:20:35:821 - RX: (LF000004000004FFFFFFFFFFFFFFFFFFFFFFFFFFFFFFFFFF26) - lerTagIdf
15:20:42:103 - TX: (?LF000000F1) - lerTagIdf
15:20:42:309 - RX: (LF000000000004B32800000000000127000000000000002768) - lerTagIdf
15:36:19:318 - TX: (&V) - STVisualizacao
15:36:19:401 - RX: (0) - STVisualizacao
15:36:28:308 - TX: (&V) - STVisualizacao
15:36:28:394 - RX: (04000000) - STVisualizacao
15:36:30:297 - TX: (&V) - STVisualizacao
15:36:30:381 - RX: (04000254) - STVisualizacao
15:36:31:004 - TX: (&V) - STVisualizacao
15:36:31:088 - RX: (04000355) - STVisualizacao
15:36:31:578 - TX: (&V) - STVisualizacao
15:36:31:664 - RX: (04000355) - STVisualizacao
15:36:32:092 - TX: (&V) - STVisualizacao
15:36:32:176 - RX: (04000535) - STVisualizacao
15:36:32:603 - TX: (&V) - STVisualizacao
15:36:32:689 - RX: (04000535) - STVisualizacao
15:36:33:203 - TX: (&V) - STVisualizacao
15:36:33:289 - RX: (04000636) - STVisualizacao
15:36:33:859 - TX: (&V) - STVisualizacao
15:36:33:944 - RX: (04000739) - STVisualizacao
15:36:34:518 - TX: (&V) - STVisualizacao
15:36:34:603 - RX: (04000739) - STVisualizacao
15:36:35:130 - TX: (&V) - STVisualizacao
15:36:35:216 - RX: (04000739) - STVisualizacao
15:36:35:643 - TX: (&V) - STVisualizacao
15:36:35:730 - RX: (04000878) - STVisualizacao
15:36:36:275 - TX: (&V) - STVisualizacao
15:36:36:361 - RX: (04000878) - STVisualizacao
15:36:37:068 - TX: (&V) - STVisualizacao
15:36:37:154 - RX: (04000878) - STVisualizacao
15:36:38:330 - TX: (&V) - LeVisualizacao
15:36:38:436 - RX: (04000878) - LeVisualizacao
15:36:41:316 - TX: (&V) - STVisualizacao
15:36:41:402 - RX: (04000878) - STVisualizacao
15:36:42:618 - TX: (&V) - STVisualizacao
15:36:42:705 - RX: (0) - STVisualizacao
15:36:43:876 - TX: (&V) - LeVisualizacao
15:36:43:980 - RX: (0) - LeVisualizacao
15:37:52:003 - TX: (&V) - LeVisualizacao
15:37:52:109 - RX: (0) - LeVisualizacao
15:37:53:403 - TX: (&V) - LeVisualizacao
15:37:53:509 - RX: (0) - LeVisualizacao
15:37:54:138 - TX: (&V) - LeVisualizacao
15:37:54:244 - RX: (0) - LeVisualizacao
15:37:54:748 - TX: (&V) - LeVisualizacao
15:37:54:854 - RX: (0) - LeVisualizacao
15:37:55:235 - TX: (&V) - LeVisualizacao
15:37:55:342 - RX: (0) - LeVisualizacao
15:37:55:666 - TX: (&V) - LeVisualizacao
15:37:55:772 - RX: (0) - LeVisualizacao
15:38:03:709 - TX: (&V) - LeVisualizacao
15:38:03:813 - RX: (04000072) - LeVisualizacao
15:38:04:218 - TX: (&V) - LeVisualizacao
15:38:04:325 - RX: (04000072) - LeVisualizacao
15:38:04:898 - TX: (&V) - LeVisualizacao
15:38:05:004 - RX: (04000072) - LeVisualizacao
15:38:05:836 - TX: (&V) - LeVisualizacao
15:38:05:941 - RX: (04000250) - LeVisualizacao
15:38:28:802 - TX: (&V) - LeVisualizacao
15:38:28:909 - RX: (0) - LeVisualizacao
15:38:30:770 - TX: (&V) - LeVisualizacao
15:38:30:876 - RX: (0) - LeVisualizacao
15:38:34:097 - TX: (&V) - LeVisualizacao
15:38:34:204 - RX: (0) - LeVisualizacao
15:38:42:802 - TX: (&V) - LeVisualizacao
15:38:42:907 - RX: (04000078) - LeVisualizacao
15:38:44:601 - TX: (&V) - LeVisualizacao
15:38:44:708 - RX: (04000257) - LeVisualizacao
15:38:45:932 - TX: (&V) - LeVisualizacao
15:38:46:039 - RX: (04000462) - LeVisualizacao
15:38:47:233 - TX: (&V) - LeVisualizacao
15:38:47:340 - RX: (04000641) - LeVisualizacao
15:38:49:210 - TX: (&V) - LeVisualizacao
15:38:49:317 - RX: (04000846) - LeVisualizacao
15:38:50:340 - TX: (&V) - LeVisualizacao
15:38:50:447 - RX: (04001023) - LeVisualizacao
15:38:51:284 - TX: (&V) - LeVisualizacao
15:38:51:390 - RX: (04001126) - LeVisualizacao
15:38:52:059 - TX: (&V) - LeVisualizacao
15:38:52:165 - RX: (04001228) - LeVisualizacao
15:38:52:707 - TX: (&V) - LeVisualizacao
15:38:52:815 - RX: (04001228) - LeVisualizacao
15:38:54:210 - TX: (&V) - LeVisualizacao
15:38:54:317 - RX: (04001407) - LeVisualizacao
15:38:55:434 - TX: (&V) - LeVisualizacao
15:38:55:541 - RX: (04001612) - LeVisualizacao
15:38:56:699 - TX: (&V) - LeVisualizacao
15:38:56:805 - RX: (04001612) - LeVisualizacao
15:39:00:354 - TX: (&V) - STVisualizacao
15:39:00:441 - RX: (0) - STVisualizacao
15:43:19:234 - TX: (?V95) - GetVisualizacaoId
15:43:19:338 - RX: (0) - GetVisualizacaoId
15:43:20:578 - TX: (?V95) - GetVisualizacaoId
15:43:20:685 - RX: (0) - GetVisualizacaoId
15:43:49:584 - TX: (?V95) - GetVisualizacaoId
15:43:49:690 - RX: (0) - GetVisualizacaoId
15:43:58:503 - TX: (?V95) - GetVisualizacaoId
15:43:58:614 - RX: (040000000000000000) - GetVisualizacaoId
15:43:59:943 - TX: (?V95) - GetVisualizacaoId
15:44:00:050 - RX: (040000000000000000) - GetVisualizacaoId
15:44:01:135 - TX: (?V95) - GetVisualizacaoId
15:44:01:253 - RX: (040000000000000000) - GetVisualizacaoId
15:44:02:472 - TX: (?V95) - GetVisualizacaoId
15:44:02:578 - RX: (040000000000000000) - GetVisualizacaoId
15:44:37:786 - TX: (?V95) - GetVisualizacaoId
15:44:37:893 - RX: (0) - GetVisualizacaoId
15:44:39:417 - TX: (?V95) - GetVisualizacaoId
15:44:39:524 - RX: (0) - GetVisualizacaoId
15:44:46:737 - TX: (?V95) - GetVisualizacaoId
15:44:46:843 - RX: (040000000000000000) - GetVisualizacaoId
15:44:48:383 - TX: (?V95) - GetVisualizacaoId
15:44:48:489 - RX: (040000000000000000) - GetVisualizacaoId
15:44:49:481 - TX: (?V95) - GetVisualizacaoId
15:44:49:587 - RX: (040000000000000000) - GetVisualizacaoId
15:44:50:369 - TX: (?V95) - GetVisualizacaoId
15:44:50:472 - RX: (040000000000000000) - GetVisualizacaoId
15:44:51:138 - TX: (?V95) - GetVisualizacaoId
15:44:51:241 - RX: (040000000000000000) - GetVisualizacaoId
15:44:52:055 - TX: (?V95) - GetVisualizacaoId
15:44:52:161 - RX: (040000000000000000) - GetVisualizacaoId
15:44:52:897 - TX: (?V95) - GetVisualizacaoId
15:44:53:003 - RX: (040000000000000000) - GetVisualizacaoId
15:44:53:697 - TX: (?V95) - GetVisualizacaoId
15:44:53:804 - RX: (040000000000000000) - GetVisualizacaoId
15:48:06:138 - TX: (?V95) - GetVisualizacaoId
15:48:06:245 - RX: (08B3CF6CCFFF1F51E6) - GetVisualizacaoId
15:48:07:233 - TX: (?V95) - GetVisualizacaoId
15:48:07:335 - RX: (08B3CF6CCFFF1F51E6) - GetVisualizacaoId
15:48:07:671 - TX: (?V95) - GetVisualizacaoId
15:48:07:777 - RX: (08B3CF6CCFFF1F51E6) - GetVisualizacaoId
15:48:08:070 - TX: (?V95) - GetVisualizacaoId
15:48:08:177 - RX: (08B3CF6CCFFF1F51E6) - GetVisualizacaoId
15:48:08:488 - TX: (?V95) - GetVisualizacaoId
15:48:08:593 - RX: (08B3CF6CCFFF1F51E6) - GetVisualizacaoId
15:48:08:871 - TX: (?V95) - GetVisualizacaoId
15:48:08:977 - RX: (08B3CF6CCFFF1F51E6) - GetVisualizacaoId
15:48:09:263 - TX: (?V95) - GetVisualizacaoId
15:48:09:369 - RX: (08B3CF6CCFFF1F51E6) - GetVisualizacaoId
15:48:09:664 - TX: (?V95) - GetVisualizacaoId
15:48:09:774 - RX: (08B3CF6CCFFF1F51E6) - GetVisualizacaoId
15:48:10:063 - TX: (?V95) - GetVisualizacaoId
15:48:10:172 - RX: (08B3CF6CCFFF1F51E6) - GetVisualizacaoId
15:48:10:448 - TX: (?V95) - GetVisualizacaoId
15:48:10:554 - RX: (08B3CF6CCFFF1F51E6) - GetVisualizacaoId
15:48:10:823 - TX: (?V95) - GetVisualizacaoId
15:48:10:930 - RX: (08B3CF6CCFFF1F51E6) - GetVisualizacaoId
15:48:11:192 - TX: (?V95) - GetVisualizacaoId
15:48:11:298 - RX: (08B3CF6CCFFF1F51E6) - GetVisualizacaoId
15:48:11:575 - TX: (?V95) - GetVisualizacaoId
15:48:11:682 - RX: (08B3CF6CCFFF1F51E6) - GetVisualizacaoId
15:48:11:965 - TX: (?V95) - GetVisualizacaoId
15:48:12:072 - RX: (08B3CF6CCFFF1F51E6) - GetVisualizacaoId
15:48:12:313 - TX: (?V95) - GetVisualizacaoId
15:48:12:419 - RX: (08B3CF6CCFFF1F51E6) - GetVisualizacaoId
15:48:12:672 - TX: (?V95) - GetVisualizacaoId
15:48:12:779 - RX: (08B3CF6CCFFF1F51E6) - GetVisualizacaoId
15:48:13:056 - TX: (?V95) - GetVisualizacaoId
15:48:13:163 - RX: (08B3CF6CCFFF1F51E6) - GetVisualizacaoId
15:48:13:425 - TX: (?V95) - GetVisualizacaoId
15:48:13:528 - RX: (08B3CF6CCFFF1F51E6) - GetVisualizacaoId
15:48:13:775 - TX: (?V95) - GetVisualizacaoId
15:48:13:882 - RX: (08B3CF6CCFFF1F51E6) - GetVisualizacaoId
15:48:14:118 - TX: (?V95) - GetVisualizacaoId
15:48:14:225 - RX: (08B3CF6CCFFF1F51E6) - GetVisualizacaoId
15:48:14:455 - TX: (?V95) - GetVisualizacaoId
15:48:14:561 - RX: (08B3CF6CCFFF1F51E6) - GetVisualizacaoId
15:48:14:824 - TX: (?V95) - GetVisualizacaoId
15:48:14:930 - RX: (08B3CF6CCFFF1F51E6) - GetVisualizacaoId
15:48:15:159 - TX: (?V95) - GetVisualizacaoId
15:48:15:264 - RX: (08B3CF6CCFFF1F51E6) - GetVisualizacaoId
15:48:15:519 - TX: (?V95) - GetVisualizacaoId
15:48:15:625 - RX: (08B3CF6CCFFF1F51E6) - GetVisualizacaoId
15:48:15:856 - TX: (?V95) - GetVisualizacaoId
15:48:15:960 - RX: (08B3CF6CCFFF1F51E6) - GetVisualizacaoId
15:48:16:216 - TX: (?V95) - GetVisualizacaoId
15:48:16:322 - RX: (08B3CF6CCFFF1F51E6) - GetVisualizacaoId
15:48:16:597 - TX: (?V95) - GetVisualizacaoId
15:48:16:704 - RX: (08B3CF6CCFFF1F51E6) - GetVisualizacaoId
15:48:16:942 - TX: (?V95) - GetVisualizacaoId
15:48:17:045 - RX: (08B3CF6CCFFF1F51E6) - GetVisualizacaoId
15:48:17:288 - TX: (?V95) - GetVisualizacaoId
15:48:17:395 - RX: (08B3CF6CCFFF1F51E6) - GetVisualizacaoId
15:48:17:606 - TX: (?V95) - GetVisualizacaoId
15:48:17:713 - RX: (08B3CF6CCFFF1F51E6) - GetVisualizacaoId
15:48:17:967 - TX: (?V95) - GetVisualizacaoId
15:48:18:074 - RX: (08B3CF6CCFFF1F51E6) - GetVisualizacaoId
15:48:18:311 - TX: (?V95) - GetVisualizacaoId
15:48:18:419 - RX: (08B3CF6CCFFF1F51E6) - GetVisualizacaoId
15:48:18:678 - TX: (?V95) - GetVisualizacaoId
15:48:18:785 - RX: (08B3CF6CCFFF1F51E6) - GetVisualizacaoId
15:48:18:998 - TX: (?V95) - GetVisualizacaoId
15:48:19:103 - RX: (08B3CF6CCFFF1F51E6) - GetVisualizacaoId
15:48:19:327 - TX: (?V95) - GetVisualizacaoId
15:48:19:432 - RX: (08B3CF6CCFFF1F51E6) - GetVisualizacaoId
15:48:19:727 - TX: (?V95) - GetVisualizacaoId
15:48:19:834 - RX: (08B3CF6CCFFF1F51E6) - GetVisualizacaoId
15:48:20:054 - TX: (?V95) - GetVisualizacaoId
15:48:20:161 - RX: (08B3CF6CCFFF1F51E6) - GetVisualizacaoId
15:48:20:367 - TX: (?V95) - GetVisualizacaoId
15:48:20:470 - RX: (08B3CF6CCFFF1F51E6) - GetVisualizacaoId
15:48:20:766 - TX: (?V95) - GetVisualizacaoId
15:48:20:872 - RX: (08B3CF6CCFFF1F51E6) - GetVisualizacaoId
15:48:21:135 - TX: (?V95) - GetVisualizacaoId
15:48:21:242 - RX: (08B3CF6CCFFF1F51E6) - GetVisualizacaoId
15:48:21:405 - TX: (?V95) - GetVisualizacaoId
15:48:21:512 - RX: (08B3CF6CCFFF1F51E6) - GetVisualizacaoId
15:48:21:767 - TX: (?V95) - GetVisualizacaoId
15:48:21:872 - RX: (08B3CF6CCFFF1F51E6) - GetVisualizacaoId
15:48:22:103 - TX: (?V95) - GetVisualizacaoId
15:48:22:209 - RX: (08B3CF6CCFFF1F51E6) - GetVisualizacaoId
15:48:22:440 - TX: (?V95) - GetVisualizacaoId
15:48:22:547 - RX: (04000000000000000008B3CF6CCFFF1F51E6) - GetVisualizacaoId
15:48:22:810 - TX: (?V95) - GetVisualizacaoId
15:48:22:914 - RX: (04000000000000000008B3CF6CCFFF1F51E6) - GetVisualizacaoId
15:48:23:183 - TX: (?V95) - GetVisualizacaoId
15:48:23:290 - RX: (04000000000000000008B3CF6CCFFF1F51E6) - GetVisualizacaoId
15:48:23:518 - TX: (?V95) - GetVisualizacaoId
15:48:23:625 - RX: (04000000000000000008B3CF6CCFFF1F51E6) - GetVisualizacaoId
15:48:23:865 - TX: (?V95) - GetVisualizacaoId
15:48:23:972 - RX: (04000000000000000008B3CF6CCFFF1F51E6) - GetVisualizacaoId
15:48:24:199 - TX: (?V95) - GetVisualizacaoId
15:48:24:303 - RX: (04000000000000000008B3CF6CCFFF1F51E6) - GetVisualizacaoId
15:48:24:615 - TX: (?V95) - GetVisualizacaoId
15:48:24:722 - RX: (04000000000000000008B3CF6CCFFF1F51E6) - GetVisualizacaoId
15:48:24:975 - TX: (?V95) - GetVisualizacaoId
15:48:25:081 - RX: (04000000000000000008B3CF6CCFFF1F51E6) - GetVisualizacaoId
15:48:25:310 - TX: (?V95) - GetVisualizacaoId
15:48:25:415 - RX: (04000000000000000008B3CF6CCFFF1F51E6) - GetVisualizacaoId
15:48:25:641 - TX: (?V95) - GetVisualizacaoId
15:48:25:748 - RX: (04000000000000000008B3CF6CCFFF1F51E6) - GetVisualizacaoId
15:48:25:950 - TX: (?V95) - GetVisualizacaoId
15:48:26:058 - RX: (04000000000000000008B3CF6CCFFF1F51E6) - GetVisualizacaoId
15:48:26:307 - TX: (?V95) - GetVisualizacaoId
15:48:26:411 - RX: (04000000000000000008B3CF6CCFFF1F51E6) - GetVisualizacaoId
15:48:26:667 - TX: (?V95) - GetVisualizacaoId
15:48:26:770 - RX: (04000000000000000008B3CF6CCFFF1F51E6) - GetVisualizacaoId
15:48:27:006 - TX: (?V95) - GetVisualizacaoId
15:48:27:112 - RX: (04000000000000000008B3CF6CCFFF1F51E6) - GetVisualizacaoId
15:48:27:334 - TX: (?V95) - GetVisualizacaoId
15:48:27:440 - RX: (04000000000000000008B3CF6CCFFF1F51E6) - GetVisualizacaoId
15:48:27:671 - TX: (?V95) - GetVisualizacaoId
15:48:27:774 - RX: (04000000000000000008B3CF6CCFFF1F51E6) - GetVisualizacaoId
15:48:27:975 - TX: (?V95) - GetVisualizacaoId
15:48:28:082 - RX: (04000000000000000008B3CF6CCFFF1F51E6) - GetVisualizacaoId
15:48:28:464 - TX: (?V95) - GetVisualizacaoId
15:48:28:567 - RX: (04000000000000000008B3CF6CCFFF1F51E6) - GetVisualizacaoId
15:48:28:801 - TX: (?V95) - GetVisualizacaoId
15:48:28:908 - RX: (04000000000000000008B3CF6CCFFF1F51E6) - GetVisualizacaoId
15:48:29:143 - TX: (?V95) - GetVisualizacaoId
15:48:29:248 - RX: (04000000000000000008B3CF6CCFFF1F51E6) - GetVisualizacaoId
15:48:29:510 - TX: (?V95) - GetVisualizacaoId
15:48:29:616 - RX: (04000000000000000008B3CF6CCFFF1F51E6) - GetVisualizacaoId
15:48:29:861 - TX: (?V95) - GetVisualizacaoId
15:48:29:968 - RX: (04000000000000000008B3CF6CCFFF1F51E6) - GetVisualizacaoId
15:48:30:199 - TX: (?V95) - GetVisualizacaoId
15:48:30:305 - RX: (04000000000000000008B3CF6CCFFF1F51E6) - GetVisualizacaoId
15:48:30:497 - TX: (?V95) - GetVisualizacaoId
15:48:30:603 - RX: (04000000000000000008B3CF6CCFFF1F51E6) - GetVisualizacaoId
15:48:30:880 - TX: (?V95) - GetVisualizacaoId
15:48:30:987 - RX: (04000000000000000008B3CF6CCFFF1F51E6) - GetVisualizacaoId
15:48:31:231 - TX: (?V95) - GetVisualizacaoId
15:48:31:334 - RX: (04000000000000000008B3CF6CCFFF1F51E6) - GetVisualizacaoId
15:48:31:583 - TX: (?V95) - GetVisualizacaoId
15:48:31:690 - RX: (04000000000000000008B3CF6CCFFF1F51E6) - GetVisualizacaoId
15:48:31:895 - TX: (?V95) - GetVisualizacaoId
15:48:32:002 - RX: (04000000000000000008B3CF6CCFFF1F51E6) - GetVisualizacaoId
15:48:32:311 - TX: (?V95) - GetVisualizacaoId
15:48:32:413 - RX: (04000000000000000008B3CF6CCFFF1F51E6) - GetVisualizacaoId
15:48:32:678 - TX: (?V95) - GetVisualizacaoId
15:48:32:785 - RX: (08B3CF6CCFFF1F51E6) - GetVisualizacaoId
15:48:33:014 - TX: (?V95) - GetVisualizacaoId
15:48:33:121 - RX: (08B3CF6CCFFF1F51E6) - GetVisualizacaoId
15:48:33:402 - TX: (?V95) - GetVisualizacaoId
15:48:33:509 - RX: (08B3CF6CCFFF1F51E6) - GetVisualizacaoId
15:48:33:770 - TX: (?V95) - GetVisualizacaoId
15:48:33:875 - RX: (08B3CF6CCFFF1F51E6) - GetVisualizacaoId
15:48:34:089 - TX: (?V95) - GetVisualizacaoId
15:48:34:196 - RX: (08B3CF6CCFFF1F51E6) - GetVisualizacaoId
15:48:34:447 - TX: (?V95) - GetVisualizacaoId
15:48:34:553 - RX: (08B3CF6CCFFF1F51E6) - GetVisualizacaoId
15:48:34:838 - TX: (?V95) - GetVisualizacaoId
15:48:34:943 - RX: (08B3CF6CCFFF1F51E6) - GetVisualizacaoId
15:48:35:230 - TX: (?V95) - GetVisualizacaoId
15:48:35:337 - RX: (08B3CF6CCFFF1F51E6) - GetVisualizacaoId
15:48:35:566 - TX: (?V95) - GetVisualizacaoId
15:48:35:673 - RX: (08B3CF6CCFFF1F51E6) - GetVisualizacaoId
15:48:35:943 - TX: (?V95) - GetVisualizacaoId
15:48:36:049 - RX: (08B3CF6CCFFF1F51E6) - GetVisualizacaoId
15:48:36:294 - TX: (?V95) - GetVisualizacaoId
15:48:36:401 - RX: (08B3CF6CCFFF1F51E6) - GetVisualizacaoId
15:48:36:679 - TX: (?V95) - GetVisualizacaoId
15:48:36:785 - RX: (08B3CF6CCFFF1F51E6) - GetVisualizacaoId
15:48:36:894 - TX: (?V95) - GetVisualizacaoId
15:48:37:001 - RX: (08B3CF6CCFFF1F51E6) - GetVisualizacaoId
15:48:37:114 - TX: (?V95) - GetVisualizacaoId
15:48:37:220 - RX: (08B3CF6CCFFF1F51E6) - GetVisualizacaoId
15:48:37:366 - TX: (?V95) - GetVisualizacaoId
15:48:37:473 - RX: (08B3CF6CCFFF1F51E6) - GetVisualizacaoId
15:48:37:696 - TX: (?V95) - GetVisualizacaoId
15:48:37:802 - RX: (08B3CF6CCFFF1F51E6) - GetVisualizacaoId
15:48:38:055 - TX: (?V95) - GetVisualizacaoId
15:48:38:162 - RX: (08B3CF6CCFFF1F51E6) - GetVisualizacaoId
15:48:38:274 - TX: (?V95) - GetVisualizacaoId
15:48:38:376 - RX: (08B3CF6CCFFF1F51E6) - GetVisualizacaoId
15:48:38:493 - TX: (?V95) - GetVisualizacaoId
15:48:38:595 - RX: (08B3CF6CCFFF1F51E6) - GetVisualizacaoId
15:48:38:704 - TX: (?V95) - GetVisualizacaoId
15:48:38:811 - RX: (08B3CF6CCFFF1F51E6) - GetVisualizacaoId
15:48:39:047 - TX: (?V95) - GetVisualizacaoId
15:48:39:153 - RX: (08B3CF6CCFFF1F51E6) - GetVisualizacaoId
15:48:39:382 - TX: (?V95) - GetVisualizacaoId
15:48:39:489 - RX: (08B3CF6CCFFF1F51E6) - GetVisualizacaoId
15:48:39:695 - TX: (?V95) - GetVisualizacaoId
15:48:39:799 - RX: (08B3CF6CCFFF1F51E6) - GetVisualizacaoId
15:49:54:999 - TX: (?V95) - GetVisualizacaoId
15:49:55:102 - RX: (0) - GetVisualizacaoId
15:49:55:622 - TX: (?V95) - GetVisualizacaoId
15:49:55:729 - RX: (0) - GetVisualizacaoId
15:49:55:873 - TX: (?V95) - GetVisualizacaoId
15:49:55:979 - RX: (0) - GetVisualizacaoId
15:49:56:097 - TX: (?V95) - GetVisualizacaoId
15:49:56:199 - RX: (0) - GetVisualizacaoId
15:49:56:336 - TX: (?V95) - GetVisualizacaoId
15:49:56:443 - RX: (0) - GetVisualizacaoId
15:49:56:613 - TX: (?V95) - GetVisualizacaoId
15:49:56:720 - RX: (0) - GetVisualizacaoId
15:49:59:158 - TX: (?V95) - GetVisualizacaoId
15:49:59:265 - RX: (08B3CF6CCFFF1F51E6) - GetVisualizacaoId
15:49:59:488 - TX: (?V95) - GetVisualizacaoId
15:49:59:592 - RX: (08B3CF6CCFFF1F51E6) - GetVisualizacaoId
15:49:59:836 - TX: (?V95) - GetVisualizacaoId
15:49:59:943 - RX: (08B3CF6CCFFF1F51E6) - GetVisualizacaoId
15:50:00:052 - TX: (?V95) - GetVisualizacaoId
15:50:00:156 - RX: (08B3CF6CCFFF1F51E6) - GetVisualizacaoId
15:50:00:265 - TX: (?V95) - GetVisualizacaoId
15:50:00:372 - RX: (08B3CF6CCFFF1F51E6) - GetVisualizacaoId
15:50:04:222 - TX: (?LF000001F2) - lerTagIdf
15:50:04:430 - RX: (LF000001000004B32800000000008927000000000000002779) - lerTagIdf
