11:15:06:753 - TX: (&A299) - LeAbastecimentoPAF2
11:15:07:060 - RX: (0) - LeAbastecimentoPAF2
11:15:19:763 - TX: >?00020263 - VB_SendReceiveText
11:15:19:965 - RX: >!00020245 - VB_SendReceiveText
11:19:08:697 - TX: >?00020263 - VB_SendReceiveText
11:19:10:702 - RX: SEM RESPOSTA - VB_SendReceiveText
11:19:17:319 - TX: (&A299) - LeAbastecimentoPAF2
11:19:17:625 - RX: (0) - LeAbastecimentoPAF2
11:19:26:803 - TX: (&A299) - LeAbastecimentoPAF2
11:19:27:105 - RX: (a2G9999999900008700007811233A00010410111902200000010000000078000000000000000000000000000000000000000000000000000000000041) - LeAbastecimentoPAF2
11:19:27:276 - TX: (&I) - Incrementa
11:19:27:280 - RX: SEM RESPOSTA - Incrementa
11:19:43:393 - TX: (&A299) - LeAbastecimentoPAF2
11:19:43:695 - RX: (0) - LeAbastecimentoPAF2
11:19:43:878 - TX: (&A299) - LeAbastecimentoPAF2
11:19:44:183 - RX: (0) - LeAbastecimentoPAF2
11:19:44:299 - TX: (&A299) - LeAbastecimentoPAF2
11:19:44:603 - RX: (0) - LeAbastecimentoPAF2
11:19:44:714 - TX: (&A299) - LeAbastecimentoPAF2
11:19:45:016 - RX: (0) - LeAbastecimentoPAF2
11:20:00:382 - TX: (&A299) - LeAbastecimentoPAF2
11:20:00:688 - RX: (0) - LeAbastecimentoPAF2
11:20:00:799 - TX: (&A299) - LeAbastecimentoPAF2
11:20:01:102 - RX: (0) - LeAbastecimentoPAF2
11:20:01:214 - TX: (&A299) - LeAbastecimentoPAF2
11:20:01:516 - RX: (0) - LeAbastecimentoPAF2
11:20:01:638 - TX: (&A299) - LeAbastecimentoPAF2
11:20:01:941 - RX: (0) - LeAbastecimentoPAF2
11:20:02:063 - TX: (&A299) - LeAbastecimentoPAF2
11:20:02:367 - RX: (0) - LeAbastecimentoPAF2
11:23:54:156 - TX: (&A299) - LeAbastecimentoPAF2
11:23:54:463 - RX: (0) - LeAbastecimentoPAF2
11:24:11:889 - TX: (&A299) - LeAbastecimentoPAF2
11:24:12:191 - RX: (a2G9999999900043700039011233A0004041011240220000002000000046800000000780000000000000000000000000000000000000000000000004F) - LeAbastecimentoPAF2
11:24:12:353 - TX: (&I) - Incrementa
11:24:12:359 - RX: SEM RESPOSTA - Incrementa
11:24:15:837 - TX: (&A299) - LeAbastecimentoPAF2
11:24:16:142 - RX: (a2G9999999900048100042911233A00040510112402200000030000000429000000000000000000000000000000000000000000000000000000000041) - LeAbastecimentoPAF2
11:24:16:273 - TX: (&I) - Incrementa
11:24:16:274 - RX: SEM RESPOSTA - Incrementa
11:24:19:401 - TX: (&A299) - LeAbastecimentoPAF2
11:24:19:703 - RX: (0) - LeAbastecimentoPAF2
