13:26:33:791 - TX: (?LFéÝÚáÿë3C) - lerTagIdf
13:26:33:995 - RX: (LFéÝÚáÿë000004FFFFFFFFFFFFFFFFFFFFFFFFFFFFFFFFFF6D) - lerTagIdf
13:37:25:735 - TX: (&A299) - LeAbastecimentoPAF2
13:37:26:037 - RX: (a2G9999999900086100076711233A00070412133602200000010000000767000000000000000000000000000000000000000000000000000000000054) - LeAbastecimentoPAF2
13:37:26:165 - TX: (&I) - Incrementa
13:37:26:168 - RX: SEM RESPOSTA - Incrementa
13:37:41:494 - TX: (&A299) - LeAbastecimentoPAF2
13:37:41:798 - RX: (a2G9999999900056900050711233A0006051213360220000002000000050700000000000000000000000000000000000000000000000000000000004A) - LeAbastecimentoPAF2
13:37:41:968 - TX: (&I) - Incrementa
13:37:41:973 - RX: SEM RESPOSTA - Incrementa
13:37:56:782 - TX: (&A299) - LeAbastecimentoPAF2
13:37:57:084 - RX: (a2G9999999900067100059811233A00060412133702200000030000001365000000076700000000000000000000000000000000000000000000000066) - LeAbastecimentoPAF2
13:37:57:249 - TX: (&I) - Incrementa
13:37:57:250 - RX: SEM RESPOSTA - Incrementa
13:37:58:378 - TX: (&A299) - LeAbastecimentoPAF2
13:37:58:684 - RX: (a2G9999999900040800036411233A00040512133702200000040000000871000000050700000000000000000000000000000000000000000000000054) - LeAbastecimentoPAF2
13:37:58:817 - TX: (&I) - Incrementa
13:37:58:818 - RX: SEM RESPOSTA - Incrementa
13:38:00:199 - TX: (&A299) - LeAbastecimentoPAF2
13:38:00:501 - RX: (0) - LeAbastecimentoPAF2
