08:32:32:035 - TX: (&A299) - LeAbastecimentoPAF1
08:32:32:337 - RX: (a2G9999999900016000014311233A00030909082502210000030000000143000000000000000000000000000000000000000000000000000000000040) - LeAbastecimentoPAF1
08:32:33:708 - TX: (&A299) - LeAbastecimentoPAF1
08:32:34:010 - RX: (a2G9999999900016000014311233A00030909082502210000030000000143000000000000000000000000000000000000000000000000000000000040) - LeAbastecimentoPAF1
08:32:36:627 - TX: (&A) - LeAbastecimento
08:32:36:829 - RX: (00016000014311233A0003090908250200030000000143005B) - LeAbastecimento
08:32:36:939 - TX: (&I) - Incrementa
08:32:36:943 - RX: SEM RESPOSTA - Incrementa
08:33:23:179 - TX: (?A80) - GetIdentTag
08:33:23:281 - RX: (AB328000000000011040908330200010080) - GetIdentTag
08:33:24:708 - TX: (?I88) - IncrementaFid
08:33:24:709 - RX: SEM RESPOSTA - IncrementaFid
08:33:26:011 - TX: (?A80) - GetIdentTag
08:33:26:113 - RX: (AB328000000000012040908330200020082) - GetIdentTag
08:33:32:715 - TX: (?I88) - IncrementaFid
08:33:32:721 - RX: SEM RESPOSTA - IncrementaFid
08:33:38:308 - TX: (?A80) - GetIdentTag
08:33:38:410 - RX: (AB328000000000013040908330200030084) - GetIdentTag
08:33:42:047 - TX: (?I88) - IncrementaFid
08:33:42:051 - RX: SEM RESPOSTA - IncrementaFid
08:33:43:732 - TX: (?A80) - GetIdentTag
08:33:43:838 - RX: (AB328000000000014040908330200040086) - GetIdentTag
08:33:46:622 - TX: (?I88) - IncrementaFid
08:33:46:628 - RX: SEM RESPOSTA - IncrementaFid
08:33:47:411 - TX: (?A80) - GetIdentTag
08:33:47:513 - RX: (0) - GetIdentTag
08:33:48:437 - TX: (?A80) - GetIdentTag
08:33:48:543 - RX: (0) - GetIdentTag
08:52:46:459 - TX: (?A80) - GetIdentTag
08:52:46:566 - RX: (AB328000000000011040908430200010081) - GetIdentTag
08:52:48:275 - TX: (?I88) - IncrementaFid
08:52:50:285 - RX: SEM RESPOSTA - IncrementaFid
08:52:51:904 - TX: (?A80) - GetIdentTag
08:52:52:006 - RX: (AB328000000000022040908430200020084) - GetIdentTag
08:52:53:615 - TX: (?I88) - IncrementaFid
08:52:55:623 - RX: SEM RESPOSTA - IncrementaFid
08:52:55:743 - TX: (?A80) - GetIdentTag
08:52:55:849 - RX: (AB328000000000033040908430200030087) - GetIdentTag
08:52:57:394 - TX: (?I88) - IncrementaFid
08:52:59:406 - RX: SEM RESPOSTA - IncrementaFid
08:53:00:089 - TX: (?A80) - GetIdentTag
08:53:00:195 - RX: (AB32800000000004404090843020004008A) - GetIdentTag
08:53:03:072 - TX: (?I88) - IncrementaFid
08:53:05:083 - RX: SEM RESPOSTA - IncrementaFid
08:53:05:241 - TX: (?A80) - GetIdentTag
08:53:05:348 - RX: (0) - GetIdentTag
